<?xml version="1.0" encoding="UTF-8"?>
<testsuite xmlns:xsi="http://www.w3.org/2001/XMLSchema-instance" xsi:noNamespaceSchemaLocation="https://maven.apache.org/surefire/maven-surefire-plugin/xsd/surefire-test-report.xsd" name="TestSuite" time="3.184" tests="9" errors="0" skipped="0" failures="7">
  <properties>
[...]
</properties>
  <testcase name="loginFailed" classname="com.lemon.LoginTest" time="0.171">
    <failure message="登录失败1" type="java.lang.AssertionError">java.lang.AssertionError: 登录失败1
	at com.lemon.LoginTest.loginFailed(LoginTest.java:42)
</failure>
    <system-err><![CDATA[SLF4J: Failed to load class "org.slf4j.impl.StaticLoggerBinder".
SLF4J: Defaulting to no-operation (NOP) logger implementation
SLF4J: See http://www.slf4j.org/codes.html#StaticLoggerBinder for further details.
]]></system-err>
  </testcase>
  <testcase name="loginFailed2" classname="com.lemon.LoginTest" time="0.002">
    <failure message="登录失败2" type="java.lang.AssertionError">java.lang.AssertionError: 登录失败2
	at com.lemon.LoginTest.loginFailed2(LoginTest.java:47)
</failure>
  </testcase>
  <testcase name="loginFailed3" classname="com.lemon.LoginTest" time="0.002">
    <failure message="登录失败3" type="java.lang.AssertionError">java.lang.AssertionError: 登录失败3
	at com.lemon.LoginTest.loginFailed3(LoginTest.java:52)
</failure>
  </testcase>
  <testcase name="loginSuccess" classname="com.lemon.LoginTest" time="0.003"/>
  <testcase name="test" classname="com.lemon.LoginTest" time="0.004">
    <failure type="java.lang.AssertionError:">java.lang.AssertionError: null
	at com.lemon.LoginTest.test(LoginTest.java:30)
</failure>
  </testcase>
  <testcase name="registerFailed" classname="com.lemon.RegisterTest" time="0.002">
    <failure message="注册失败1" type="java.lang.AssertionError">java.lang.AssertionError: 注册失败1
	at com.lemon.RegisterTest.registerFailed(RegisterTest.java:28)
</failure>
  </testcase>
  <testcase name="registerFailed2" classname="com.lemon.RegisterTest" time="0.002">
    <failure message="注册失败2" type="java.lang.AssertionError">java.lang.AssertionError: 注册失败2
	at com.lemon.RegisterTest.registerFailed2(RegisterTest.java:33)
</failure>
  </testcase>
  <testcase name="registerFailed3" classname="com.lemon.RegisterTest" time="0.003">
    <failure message="注册失败3" type="java.lang.AssertionError">java.lang.AssertionError: 注册失败3
	at com.lemon.RegisterTest.registerFailed3(RegisterTest.java:38)
</failure>
  </testcase>
  <testcase name="registerSuccess" classname="com.lemon.RegisterTest" time="0.001"/>
</testsuite>